mode: set
github.com/keyoku-ai/keyoku-engine/engine/budget.go:18.52,20.2 1 0
github.com/keyoku-ai/keyoku-engine/engine/budget.go:50.61,51.19 1 1
github.com/keyoku-ai/keyoku-engine/engine/budget.go:51.19,53.3 1 1
github.com/keyoku-ai/keyoku-engine/engine/budget.go:54.2,54.28 1 1
github.com/keyoku-ai/keyoku-engine/engine/budget.go:54.28,56.3 1 1
github.com/keyoku-ai/keyoku-engine/engine/budget.go:57.2,61.3 1 1
github.com/keyoku-ai/keyoku-engine/engine/budget.go:65.76,66.39 1 1
github.com/keyoku-ai/keyoku-engine/engine/budget.go:66.39,68.3 1 1
github.com/keyoku-ai/keyoku-engine/engine/budget.go:70.2,77.30 6 1
github.com/keyoku-ai/keyoku-engine/engine/budget.go:77.30,79.3 1 1
github.com/keyoku-ai/keyoku-engine/engine/budget.go:81.2,81.69 1 1
github.com/keyoku-ai/keyoku-engine/engine/budget.go:85.60,101.2 9 1
github.com/keyoku-ai/keyoku-engine/engine/budget.go:104.56,109.2 4 1
github.com/keyoku-ai/keyoku-engine/engine/budget.go:112.66,125.30 9 1
github.com/keyoku-ai/keyoku-engine/engine/budget.go:125.30,126.33 1 1
github.com/keyoku-ai/keyoku-engine/engine/budget.go:126.33,128.4 1 1
github.com/keyoku-ai/keyoku-engine/engine/budget.go:129.3,129.34 1 1
github.com/keyoku-ai/keyoku-engine/engine/budget.go:129.34,131.4 1 1
github.com/keyoku-ai/keyoku-engine/engine/budget.go:134.2,141.3 1 1
github.com/keyoku-ai/keyoku-engine/engine/budget.go:145.64,153.30 6 1
github.com/keyoku-ai/keyoku-engine/engine/budget.go:153.30,155.3 1 1
github.com/keyoku-ai/keyoku-engine/engine/budget.go:156.2,156.14 1 1
github.com/keyoku-ai/keyoku-engine/engine/budget.go:159.72,161.9 2 1
github.com/keyoku-ai/keyoku-engine/engine/budget.go:161.9,164.3 2 1
github.com/keyoku-ai/keyoku-engine/engine/budget.go:165.2,165.10 1 1
github.com/keyoku-ai/keyoku-engine/engine/budget.go:168.75,170.9 2 1
github.com/keyoku-ai/keyoku-engine/engine/budget.go:170.9,173.3 2 1
github.com/keyoku-ai/keyoku-engine/engine/budget.go:174.2,174.10 1 1
github.com/keyoku-ai/keyoku-engine/engine/budget.go:177.56,180.30 3 1
github.com/keyoku-ai/keyoku-engine/engine/budget.go:180.30,181.32 1 1
github.com/keyoku-ai/keyoku-engine/engine/budget.go:181.32,183.4 1 1
github.com/keyoku-ai/keyoku-engine/engine/budget.go:185.2,185.24 1 1
github.com/keyoku-ai/keyoku-engine/engine/conflict.go:28.45,34.2 1 1
github.com/keyoku-ai/keyoku-engine/engine/conflict.go:36.111,37.37 1 1
github.com/keyoku-ai/keyoku-engine/engine/conflict.go:37.37,39.3 1 1
github.com/keyoku-ai/keyoku-engine/engine/conflict.go:40.2,40.31 1 1
github.com/keyoku-ai/keyoku-engine/engine/conflict.go:40.31,42.3 1 1
github.com/keyoku-ai/keyoku-engine/engine/conflict.go:43.2,43.76 1 1
github.com/keyoku-ai/keyoku-engine/engine/conflict.go:81.178,85.16 3 1
github.com/keyoku-ai/keyoku-engine/engine/conflict.go:85.16,87.3 1 0
github.com/keyoku-ai/keyoku-engine/engine/conflict.go:89.2,89.23 1 1
github.com/keyoku-ai/keyoku-engine/engine/conflict.go:89.23,91.3 1 1
github.com/keyoku-ai/keyoku-engine/engine/conflict.go:93.2,93.30 1 1
github.com/keyoku-ai/keyoku-engine/engine/conflict.go:93.30,95.22 2 1
github.com/keyoku-ai/keyoku-engine/engine/conflict.go:95.22,98.4 2 1
github.com/keyoku-ai/keyoku-engine/engine/conflict.go:101.2,101.24 1 1
github.com/keyoku-ai/keyoku-engine/engine/conflict.go:101.24,103.3 1 1
github.com/keyoku-ai/keyoku-engine/engine/conflict.go:105.2,105.20 1 1
github.com/keyoku-ai/keyoku-engine/engine/conflict.go:108.166,110.54 1 1
github.com/keyoku-ai/keyoku-engine/engine/conflict.go:110.54,116.3 1 1
github.com/keyoku-ai/keyoku-engine/engine/conflict.go:118.2,118.46 1 1
github.com/keyoku-ai/keyoku-engine/engine/conflict.go:118.46,124.3 1 1
github.com/keyoku-ai/keyoku-engine/engine/conflict.go:126.2,126.82 1 1
github.com/keyoku-ai/keyoku-engine/engine/conflict.go:126.82,127.50 1 1
github.com/keyoku-ai/keyoku-engine/engine/conflict.go:127.50,133.4 1 1
github.com/keyoku-ai/keyoku-engine/engine/conflict.go:137.2,138.22 2 1
github.com/keyoku-ai/keyoku-engine/engine/conflict.go:138.22,140.3 1 1
github.com/keyoku-ai/keyoku-engine/engine/conflict.go:145.2,145.58 1 1
github.com/keyoku-ai/keyoku-engine/engine/conflict.go:145.58,147.3 1 1
github.com/keyoku-ai/keyoku-engine/engine/conflict.go:149.2,149.12 1 1
github.com/keyoku-ai/keyoku-engine/engine/conflict.go:153.149,159.16 2 1
github.com/keyoku-ai/keyoku-engine/engine/conflict.go:159.16,162.3 1 1
github.com/keyoku-ai/keyoku-engine/engine/conflict.go:164.2,164.23 1 1
github.com/keyoku-ai/keyoku-engine/engine/conflict.go:164.23,166.3 1 1
github.com/keyoku-ai/keyoku-engine/engine/conflict.go:168.2,169.22 2 1
github.com/keyoku-ai/keyoku-engine/engine/conflict.go:170.96,170.96 0 1
github.com/keyoku-ai/keyoku-engine/engine/conflict.go:172.10,173.13 1 0
github.com/keyoku-ai/keyoku-engine/engine/conflict.go:176.2,177.20 2 1
github.com/keyoku-ai/keyoku-engine/engine/conflict.go:178.85,178.85 0 1
github.com/keyoku-ai/keyoku-engine/engine/conflict.go:180.10,181.33 1 0
github.com/keyoku-ai/keyoku-engine/engine/conflict.go:184.2,191.3 1 1
github.com/keyoku-ai/keyoku-engine/engine/conflict.go:194.66,209.37 4 1
github.com/keyoku-ai/keyoku-engine/engine/conflict.go:209.37,211.89 1 1
github.com/keyoku-ai/keyoku-engine/engine/conflict.go:211.89,213.4 1 1
github.com/keyoku-ai/keyoku-engine/engine/conflict.go:216.2,217.79 1 1
github.com/keyoku-ai/keyoku-engine/engine/conflict.go:217.79,219.3 1 1
github.com/keyoku-ai/keyoku-engine/engine/conflict.go:221.2,221.14 1 1
github.com/keyoku-ai/keyoku-engine/engine/conflict.go:224.75,232.39 3 1
github.com/keyoku-ai/keyoku-engine/engine/conflict.go:232.39,233.91 1 1
github.com/keyoku-ai/keyoku-engine/engine/conflict.go:233.91,235.4 1 1
github.com/keyoku-ai/keyoku-engine/engine/conflict.go:237.2,237.14 1 1
github.com/keyoku-ai/keyoku-engine/engine/conflict.go:240.52,261.27 6 1
github.com/keyoku-ai/keyoku-engine/engine/conflict.go:261.27,262.34 1 1
github.com/keyoku-ai/keyoku-engine/engine/conflict.go:262.34,264.4 1 1
github.com/keyoku-ai/keyoku-engine/engine/conflict.go:266.2,266.27 1 1
github.com/keyoku-ai/keyoku-engine/engine/conflict.go:266.27,267.34 1 1
github.com/keyoku-ai/keyoku-engine/engine/conflict.go:267.34,269.4 1 1
github.com/keyoku-ai/keyoku-engine/engine/conflict.go:272.2,273.29 2 1
github.com/keyoku-ai/keyoku-engine/engine/conflict.go:273.29,274.21 1 1
github.com/keyoku-ai/keyoku-engine/engine/conflict.go:274.21,276.4 1 1
github.com/keyoku-ai/keyoku-engine/engine/conflict.go:279.2,280.31 2 1
github.com/keyoku-ai/keyoku-engine/engine/conflict.go:280.31,282.3 1 1
github.com/keyoku-ai/keyoku-engine/engine/conflict.go:283.2,283.17 1 1
github.com/keyoku-ai/keyoku-engine/engine/conflict.go:283.17,285.3 1 1
github.com/keyoku-ai/keyoku-engine/engine/conflict.go:286.2,286.48 1 1
github.com/keyoku-ai/keyoku-engine/engine/conflict.go:289.106,295.100 5 1
github.com/keyoku-ai/keyoku-engine/engine/conflict.go:295.100,296.33 1 1
github.com/keyoku-ai/keyoku-engine/engine/conflict.go:296.33,297.39 1 1
github.com/keyoku-ai/keyoku-engine/engine/conflict.go:297.39,298.17 1 1
github.com/keyoku-ai/keyoku-engine/engine/conflict.go:298.17,305.6 1 1
github.com/keyoku-ai/keyoku-engine/engine/conflict.go:310.2,316.34 2 1
github.com/keyoku-ai/keyoku-engine/engine/conflict.go:316.34,317.50 1 1
github.com/keyoku-ai/keyoku-engine/engine/conflict.go:317.50,319.85 1 1
github.com/keyoku-ai/keyoku-engine/engine/conflict.go:319.85,325.5 1 1
github.com/keyoku-ai/keyoku-engine/engine/conflict.go:329.2,329.12 1 1
github.com/keyoku-ai/keyoku-engine/engine/conflict.go:332.43,334.44 2 1
github.com/keyoku-ai/keyoku-engine/engine/conflict.go:334.44,336.21 2 1
github.com/keyoku-ai/keyoku-engine/engine/conflict.go:336.21,338.28 2 1
github.com/keyoku-ai/keyoku-engine/engine/conflict.go:338.28,339.27 1 1
github.com/keyoku-ai/keyoku-engine/engine/conflict.go:339.27,341.11 2 1
github.com/keyoku-ai/keyoku-engine/engine/conflict.go:344.4,344.17 1 1
github.com/keyoku-ai/keyoku-engine/engine/conflict.go:344.17,346.5 1 1
github.com/keyoku-ai/keyoku-engine/engine/conflict.go:349.2,349.16 1 1
github.com/keyoku-ai/keyoku-engine/engine/conflict.go:352.57,353.31 1 1
github.com/keyoku-ai/keyoku-engine/engine/conflict.go:353.31,354.32 1 1
github.com/keyoku-ai/keyoku-engine/engine/conflict.go:354.32,356.4 1 1
github.com/keyoku-ai/keyoku-engine/engine/conflict.go:358.2,358.14 1 1
github.com/keyoku-ai/keyoku-engine/engine/conflict.go:361.96,362.25 1 1
github.com/keyoku-ai/keyoku-engine/engine/conflict.go:362.25,364.3 1 1
github.com/keyoku-ai/keyoku-engine/engine/conflict.go:365.2,368.30 4 1
github.com/keyoku-ai/keyoku-engine/engine/conflict.go:368.30,370.39 2 1
github.com/keyoku-ai/keyoku-engine/engine/conflict.go:370.39,373.4 2 1
github.com/keyoku-ai/keyoku-engine/engine/conflict.go:375.2,375.30 1 1
github.com/keyoku-ai/keyoku-engine/engine/conflict.go:375.30,377.3 1 1
github.com/keyoku-ai/keyoku-engine/engine/conflict.go:378.2,380.43 3 1
github.com/keyoku-ai/keyoku-engine/engine/conflict.go:380.43,381.23 1 1
github.com/keyoku-ai/keyoku-engine/engine/conflict.go:381.23,384.4 2 1
github.com/keyoku-ai/keyoku-engine/engine/conflict.go:386.2,386.33 1 1
github.com/keyoku-ai/keyoku-engine/engine/conflict.go:386.33,388.3 1 1
github.com/keyoku-ai/keyoku-engine/engine/conflict.go:389.2,389.26 1 0
github.com/keyoku-ai/keyoku-engine/engine/conflict.go:392.121,393.20 1 1
github.com/keyoku-ai/keyoku-engine/engine/conflict.go:394.30,395.13 1 1
github.com/keyoku-ai/keyoku-engine/engine/conflict.go:396.24,399.17 3 1
github.com/keyoku-ai/keyoku-engine/engine/conflict.go:399.17,401.4 1 0
github.com/keyoku-ai/keyoku-engine/engine/conflict.go:402.3,412.13 2 1
github.com/keyoku-ai/keyoku-engine/engine/conflict.go:413.23,415.26 2 1
github.com/keyoku-ai/keyoku-engine/engine/conflict.go:415.26,417.4 1 1
github.com/keyoku-ai/keyoku-engine/engine/conflict.go:418.3,420.17 3 1
github.com/keyoku-ai/keyoku-engine/engine/conflict.go:420.17,422.4 1 0
github.com/keyoku-ai/keyoku-engine/engine/conflict.go:423.3,428.13 2 1
github.com/keyoku-ai/keyoku-engine/engine/conflict.go:429.45,430.13 1 1
github.com/keyoku-ai/keyoku-engine/engine/conflict.go:431.10,432.63 1 1
github.com/keyoku-ai/keyoku-engine/engine/decay.go:31.81,33.2 1 1
github.com/keyoku-ai/keyoku-engine/engine/decay.go:36.108,37.20 1 1
github.com/keyoku-ai/keyoku-engine/engine/decay.go:37.20,39.3 1 1
github.com/keyoku-ai/keyoku-engine/engine/decay.go:45.2,48.27 3 1
github.com/keyoku-ai/keyoku-engine/engine/decay.go:48.27,50.3 1 1
github.com/keyoku-ai/keyoku-engine/engine/decay.go:50.8,52.3 1 1
github.com/keyoku-ai/keyoku-engine/engine/decay.go:54.2,54.25 1 1
github.com/keyoku-ai/keyoku-engine/engine/decay.go:54.25,56.3 1 1
github.com/keyoku-ai/keyoku-engine/engine/decay.go:58.2,58.56 1 1
github.com/keyoku-ai/keyoku-engine/engine/decay.go:62.62,64.2 1 1
github.com/keyoku-ai/keyoku-engine/engine/decay.go:74.65,75.9 1 1
github.com/keyoku-ai/keyoku-engine/engine/decay.go:76.31,77.14 1 1
github.com/keyoku-ai/keyoku-engine/engine/decay.go:78.31,79.14 1 1
github.com/keyoku-ai/keyoku-engine/engine/decay.go:80.32,81.14 1 1
github.com/keyoku-ai/keyoku-engine/engine/decay.go:82.10,83.14 1 1
github.com/keyoku-ai/keyoku-engine/engine/decay.go:89.92,98.2 3 1
github.com/keyoku-ai/keyoku-engine/engine/decay.go:101.89,103.2 1 1
github.com/keyoku-ai/keyoku-engine/engine/decay.go:106.116,108.27 2 1
github.com/keyoku-ai/keyoku-engine/engine/decay.go:108.27,110.3 1 1
github.com/keyoku-ai/keyoku-engine/engine/decay.go:111.2,112.40 2 1
github.com/keyoku-ai/keyoku-engine/engine/decay.go:122.94,123.46 1 1
github.com/keyoku-ai/keyoku-engine/engine/decay.go:123.46,125.3 1 1
github.com/keyoku-ai/keyoku-engine/engine/decay.go:127.2,128.19 2 1
github.com/keyoku-ai/keyoku-engine/engine/decay.go:128.19,130.3 1 1
github.com/keyoku-ai/keyoku-engine/engine/decay.go:133.2,134.14 2 1
github.com/keyoku-ai/keyoku-engine/engine/decay.go:148.58,149.9 1 1
github.com/keyoku-ai/keyoku-engine/engine/decay.go:150.42,151.26 1 1
github.com/keyoku-ai/keyoku-engine/engine/decay.go:152.44,153.25 1 1
github.com/keyoku-ai/keyoku-engine/engine/decay.go:154.43,155.28 1 1
github.com/keyoku-ai/keyoku-engine/engine/decay.go:156.10,157.27 1 1
github.com/keyoku-ai/keyoku-engine/engine/decay.go:162.42,164.2 1 1
github.com/keyoku-ai/keyoku-engine/engine/decay.go:167.69,168.42 1 1
github.com/keyoku-ai/keyoku-engine/engine/decay.go:168.42,170.3 1 1
github.com/keyoku-ai/keyoku-engine/engine/decay.go:171.2,171.43 1 1
github.com/keyoku-ai/keyoku-engine/engine/dedup.go:28.47,35.2 1 1
github.com/keyoku-ai/keyoku-engine/engine/dedup.go:37.114,38.35 1 1
github.com/keyoku-ai/keyoku-engine/engine/dedup.go:38.35,40.3 1 1
github.com/keyoku-ai/keyoku-engine/engine/dedup.go:41.2,41.40 1 1
github.com/keyoku-ai/keyoku-engine/engine/dedup.go:41.40,43.3 1 1
github.com/keyoku-ai/keyoku-engine/engine/dedup.go:44.2,44.31 1 1
github.com/keyoku-ai/keyoku-engine/engine/dedup.go:44.31,46.3 1 1
github.com/keyoku-ai/keyoku-engine/engine/dedup.go:47.2,47.72 1 1
github.com/keyoku-ai/keyoku-engine/engine/dedup.go:59.165,61.16 2 1
github.com/keyoku-ai/keyoku-engine/engine/dedup.go:61.16,63.3 1 0
github.com/keyoku-ai/keyoku-engine/engine/dedup.go:64.2,64.21 1 1
github.com/keyoku-ai/keyoku-engine/engine/dedup.go:64.21,69.3 1 1
github.com/keyoku-ai/keyoku-engine/engine/dedup.go:71.2,71.58 1 1
github.com/keyoku-ai/keyoku-engine/engine/dedup.go:71.58,73.3 1 1
github.com/keyoku-ai/keyoku-engine/engine/dedup.go:75.2,76.16 2 1
github.com/keyoku-ai/keyoku-engine/engine/dedup.go:76.16,78.3 1 0
github.com/keyoku-ai/keyoku-engine/engine/dedup.go:80.2,80.23 1 1
github.com/keyoku-ai/keyoku-engine/engine/dedup.go:80.23,82.3 1 1
github.com/keyoku-ai/keyoku-engine/engine/dedup.go:84.2,86.51 2 1
github.com/keyoku-ai/keyoku-engine/engine/dedup.go:86.51,91.3 1 1
github.com/keyoku-ai/keyoku-engine/engine/dedup.go:93.2,93.56 1 1
github.com/keyoku-ai/keyoku-engine/engine/dedup.go:93.56,94.47 1 1
github.com/keyoku-ai/keyoku-engine/engine/dedup.go:94.47,99.4 1 0
github.com/keyoku-ai/keyoku-engine/engine/dedup.go:100.3,103.9 1 1
github.com/keyoku-ai/keyoku-engine/engine/dedup.go:106.2,106.78 1 0
github.com/keyoku-ai/keyoku-engine/engine/dedup.go:109.58,113.79 3 1
github.com/keyoku-ai/keyoku-engine/engine/dedup.go:113.79,115.3 1 1
github.com/keyoku-ai/keyoku-engine/engine/dedup.go:117.2,119.24 3 1
github.com/keyoku-ai/keyoku-engine/engine/dedup.go:119.24,121.3 1 0
github.com/keyoku-ai/keyoku-engine/engine/dedup.go:123.2,124.31 2 1
github.com/keyoku-ai/keyoku-engine/engine/dedup.go:124.31,126.3 1 1
github.com/keyoku-ai/keyoku-engine/engine/dedup.go:128.2,129.29 2 1
github.com/keyoku-ai/keyoku-engine/engine/dedup.go:129.29,130.22 1 1
github.com/keyoku-ai/keyoku-engine/engine/dedup.go:130.22,132.4 1 1
github.com/keyoku-ai/keyoku-engine/engine/dedup.go:135.2,135.58 1 1
github.com/keyoku-ai/keyoku-engine/engine/dedup.go:138.157,142.41 3 1
github.com/keyoku-ai/keyoku-engine/engine/dedup.go:142.41,144.3 1 1
github.com/keyoku-ai/keyoku-engine/engine/dedup.go:146.2,152.16 3 1
github.com/keyoku-ai/keyoku-engine/engine/dedup.go:152.16,154.3 1 0
github.com/keyoku-ai/keyoku-engine/engine/dedup.go:157.2,157.32 1 1
github.com/keyoku-ai/keyoku-engine/engine/dedup.go:157.32,159.3 1 1
github.com/keyoku-ai/keyoku-engine/engine/dedup.go:160.2,160.23 1 1
github.com/keyoku-ai/keyoku-engine/engine/dedup.go:160.23,162.3 1 1
github.com/keyoku-ai/keyoku-engine/engine/dedup.go:164.2,175.21 2 1
github.com/keyoku-ai/keyoku-engine/engine/dedup.go:178.55,182.78 3 1
github.com/keyoku-ai/keyoku-engine/engine/dedup.go:182.78,184.3 1 1
github.com/keyoku-ai/keyoku-engine/engine/dedup.go:185.2,185.78 1 1
github.com/keyoku-ai/keyoku-engine/engine/dedup.go:185.78,187.3 1 1
github.com/keyoku-ai/keyoku-engine/engine/dedup.go:189.2,193.63 4 1
github.com/keyoku-ai/keyoku-engine/engine/dedup.go:193.63,194.72 1 1
github.com/keyoku-ai/keyoku-engine/engine/dedup.go:194.72,196.4 1 1
github.com/keyoku-ai/keyoku-engine/engine/dedup.go:196.9,197.9 1 1
github.com/keyoku-ai/keyoku-engine/engine/dedup.go:201.2,201.41 1 1
github.com/keyoku-ai/keyoku-engine/engine/dedup.go:201.41,203.3 1 0
github.com/keyoku-ai/keyoku-engine/engine/dedup.go:205.2,205.37 1 1
github.com/keyoku-ai/keyoku-engine/engine/dedup.go:208.146,209.20 1 1
github.com/keyoku-ai/keyoku-engine/engine/dedup.go:209.20,211.3 1 1
github.com/keyoku-ai/keyoku-engine/engine/dedup.go:213.2,221.16 3 1
github.com/keyoku-ai/keyoku-engine/engine/dedup.go:221.16,223.3 1 0
github.com/keyoku-ai/keyoku-engine/engine/dedup.go:225.2,225.23 1 1
github.com/keyoku-ai/keyoku-engine/engine/dedup.go:225.23,227.3 1 1
github.com/keyoku-ai/keyoku-engine/engine/dedup.go:229.2,232.31 3 1
github.com/keyoku-ai/keyoku-engine/engine/dedup.go:232.31,233.51 1 1
github.com/keyoku-ai/keyoku-engine/engine/dedup.go:233.51,234.12 1 1
github.com/keyoku-ai/keyoku-engine/engine/dedup.go:242.3,242.27 1 0
github.com/keyoku-ai/keyoku-engine/engine/dedup.go:245.2,246.31 2 1
github.com/keyoku-ai/keyoku-engine/engine/dedup.go:246.31,248.3 1 0
github.com/keyoku-ai/keyoku-engine/engine/dedup.go:250.2,250.20 1 1
github.com/keyoku-ai/keyoku-engine/engine/engine.go:29.41,33.2 1 1
github.com/keyoku-ai/keyoku-engine/engine/engine.go:65.11,66.30 1 1
github.com/keyoku-ai/keyoku-engine/engine/engine.go:66.30,68.3 1 1
github.com/keyoku-ai/keyoku-engine/engine/engine.go:70.2,74.31 3 1
github.com/keyoku-ai/keyoku-engine/engine/engine.go:74.31,76.3 1 1
github.com/keyoku-ai/keyoku-engine/engine/engine.go:76.8,78.3 1 1
github.com/keyoku-ai/keyoku-engine/engine/engine.go:81.2,82.32 2 1
github.com/keyoku-ai/keyoku-engine/engine/engine.go:82.32,84.3 1 1
github.com/keyoku-ai/keyoku-engine/engine/engine.go:84.8,86.3 1 1
github.com/keyoku-ai/keyoku-engine/engine/engine.go:88.2,102.3 1 1
github.com/keyoku-ai/keyoku-engine/engine/engine.go:106.51,106.74 1 1
github.com/keyoku-ai/keyoku-engine/engine/engine.go:109.110,110.22 1 1
github.com/keyoku-ai/keyoku-engine/engine/engine.go:110.22,112.3 1 1
github.com/keyoku-ai/keyoku-engine/engine/engine.go:116.42,116.63 1 1
github.com/keyoku-ai/keyoku-engine/engine/engine.go:119.39,119.57 1 1
github.com/keyoku-ai/keyoku-engine/engine/engine.go:122.49,122.71 1 1
github.com/keyoku-ai/keyoku-engine/engine/engine.go:125.45,125.69 1 1
github.com/keyoku-ai/keyoku-engine/engine/engine.go:161.96,163.33 1 1
github.com/keyoku-ai/keyoku-engine/engine/engine.go:163.33,165.21 2 1
github.com/keyoku-ai/keyoku-engine/engine/engine.go:165.21,174.4 1 1
github.com/keyoku-ai/keyoku-engine/engine/engine.go:178.2,179.56 2 1
github.com/keyoku-ai/keyoku-engine/engine/engine.go:179.56,189.3 2 1
github.com/keyoku-ai/keyoku-engine/engine/engine.go:192.2,193.16 2 1
github.com/keyoku-ai/keyoku-engine/engine/engine.go:193.16,195.3 1 0
github.com/keyoku-ai/keyoku-engine/engine/engine.go:197.2,198.34 2 1
github.com/keyoku-ai/keyoku-engine/engine/engine.go:198.34,200.3 1 1
github.com/keyoku-ai/keyoku-engine/engine/engine.go:203.2,204.16 2 1
github.com/keyoku-ai/keyoku-engine/engine/engine.go:204.16,206.3 1 1
github.com/keyoku-ai/keyoku-engine/engine/engine.go:209.2,210.43 2 1
github.com/keyoku-ai/keyoku-engine/engine/engine.go:210.43,212.20 2 0
github.com/keyoku-ai/keyoku-engine/engine/engine.go:212.20,214.4 1 0
github.com/keyoku-ai/keyoku-engine/engine/engine.go:215.3,215.83 1 0
github.com/keyoku-ai/keyoku-engine/engine/engine.go:218.2,222.16 2 1
github.com/keyoku-ai/keyoku-engine/engine/engine.go:222.16,224.3 1 0
github.com/keyoku-ai/keyoku-engine/engine/engine.go:226.2,227.37 2 1
github.com/keyoku-ai/keyoku-engine/engine/engine.go:227.37,229.3 1 1
github.com/keyoku-ai/keyoku-engine/engine/engine.go:232.2,237.16 2 1
github.com/keyoku-ai/keyoku-engine/engine/engine.go:237.16,239.3 1 1
github.com/keyoku-ai/keyoku-engine/engine/engine.go:242.2,248.49 4 1
github.com/keyoku-ai/keyoku-engine/engine/engine.go:248.49,250.17 2 1
github.com/keyoku-ai/keyoku-engine/engine/engine.go:250.17,252.4 1 0
github.com/keyoku-ai/keyoku-engine/engine/engine.go:253.3,254.33 2 1
github.com/keyoku-ai/keyoku-engine/engine/engine.go:254.33,256.4 1 1
github.com/keyoku-ai/keyoku-engine/engine/engine.go:260.2,260.45 1 1
github.com/keyoku-ai/keyoku-engine/engine/engine.go:260.45,262.17 2 1
github.com/keyoku-ai/keyoku-engine/engine/engine.go:262.17,264.4 1 0
github.com/keyoku-ai/keyoku-engine/engine/engine.go:265.3,266.33 2 1
github.com/keyoku-ai/keyoku-engine/engine/engine.go:266.33,268.4 1 1
github.com/keyoku-ai/keyoku-engine/engine/engine.go:272.2,272.42 1 1
github.com/keyoku-ai/keyoku-engine/engine/engine.go:272.42,274.17 2 1
github.com/keyoku-ai/keyoku-engine/engine/engine.go:274.17,276.4 1 0
github.com/keyoku-ai/keyoku-engine/engine/engine.go:277.3,278.33 2 1
github.com/keyoku-ai/keyoku-engine/engine/engine.go:278.33,280.4 1 1
github.com/keyoku-ai/keyoku-engine/engine/engine.go:284.2,284.43 1 1
github.com/keyoku-ai/keyoku-engine/engine/engine.go:284.43,291.3 2 1
github.com/keyoku-ai/keyoku-engine/engine/engine.go:294.2,294.88 1 1
github.com/keyoku-ai/keyoku-engine/engine/engine.go:294.88,296.3 1 1
github.com/keyoku-ai/keyoku-engine/engine/engine.go:299.2,299.24 1 1
github.com/keyoku-ai/keyoku-engine/engine/engine.go:299.24,301.17 2 1
github.com/keyoku-ai/keyoku-engine/engine/engine.go:301.17,304.4 1 0
github.com/keyoku-ai/keyoku-engine/engine/engine.go:304.9,304.33 1 1
github.com/keyoku-ai/keyoku-engine/engine/engine.go:304.33,307.4 2 1
github.com/keyoku-ai/keyoku-engine/engine/engine.go:311.2,320.20 3 1
github.com/keyoku-ai/keyoku-engine/engine/engine.go:324.223,329.16 3 1
github.com/keyoku-ai/keyoku-engine/engine/engine.go:329.16,331.3 1 0
github.com/keyoku-ai/keyoku-engine/engine/engine.go:334.2,335.16 2 1
github.com/keyoku-ai/keyoku-engine/engine/engine.go:335.16,337.3 1 0
github.com/keyoku-ai/keyoku-engine/engine/engine.go:339.2,339.26 1 1
github.com/keyoku-ai/keyoku-engine/engine/engine.go:340.14,346.9 1 0
github.com/keyoku-ai/keyoku-engine/engine/engine.go:348.15,350.17 2 0
github.com/keyoku-ai/keyoku-engine/engine/engine.go:350.17,352.4 1 0
github.com/keyoku-ai/keyoku-engine/engine/engine.go:353.3,366.9 2 0
github.com/keyoku-ai/keyoku-engine/engine/engine.go:370.2,371.24 2 1
github.com/keyoku-ai/keyoku-engine/engine/engine.go:371.24,373.3 1 1
github.com/keyoku-ai/keyoku-engine/engine/engine.go:376.2,377.16 2 1
github.com/keyoku-ai/keyoku-engine/engine/engine.go:377.16,380.3 1 0
github.com/keyoku-ai/keyoku-engine/engine/engine.go:382.2,382.94 1 1
github.com/keyoku-ai/keyoku-engine/engine/engine.go:382.94,393.30 3 1
github.com/keyoku-ai/keyoku-engine/engine/engine.go:394.25,395.38 1 1
github.com/keyoku-ai/keyoku-engine/engine/engine.go:395.38,409.5 3 1
github.com/keyoku-ai/keyoku-engine/engine/engine.go:411.31,417.10 1 0
github.com/keyoku-ai/keyoku-engine/engine/engine.go:419.24,420.38 1 0
github.com/keyoku-ai/keyoku-engine/engine/engine.go:420.38,424.5 3 0
github.com/keyoku-ai/keyoku-engine/engine/engine.go:426.26,427.112 1 0
github.com/keyoku-ai/keyoku-engine/engine/engine.go:432.2,433.94 2 1
github.com/keyoku-ai/keyoku-engine/engine/engine.go:433.94,435.124 2 1
github.com/keyoku-ai/keyoku-engine/engine/engine.go:435.124,437.4 1 1
github.com/keyoku-ai/keyoku-engine/engine/engine.go:440.2,444.19 4 1
github.com/keyoku-ai/keyoku-engine/engine/engine.go:444.19,446.3 1 1
github.com/keyoku-ai/keyoku-engine/engine/engine.go:449.2,451.22 3 1
github.com/keyoku-ai/keyoku-engine/engine/engine.go:451.22,452.19 1 1
github.com/keyoku-ai/keyoku-engine/engine/engine.go:452.19,454.4 1 0
github.com/keyoku-ai/keyoku-engine/engine/engine.go:454.9,456.4 1 1
github.com/keyoku-ai/keyoku-engine/engine/engine.go:460.2,488.55 3 1
github.com/keyoku-ai/keyoku-engine/engine/engine.go:488.55,490.3 1 0
github.com/keyoku-ai/keyoku-engine/engine/engine.go:492.2,521.8 5 1
github.com/keyoku-ai/keyoku-engine/engine/engine.go:525.154,527.29 2 1
github.com/keyoku-ai/keyoku-engine/engine/engine.go:527.29,528.57 1 1
github.com/keyoku-ai/keyoku-engine/engine/engine.go:528.57,530.9 2 1
github.com/keyoku-ai/keyoku-engine/engine/engine.go:534.2,534.25 1 1
github.com/keyoku-ai/keyoku-engine/engine/engine.go:534.25,540.3 1 0
github.com/keyoku-ai/keyoku-engine/engine/engine.go:542.2,547.26 3 1
github.com/keyoku-ai/keyoku-engine/engine/engine.go:547.26,550.3 2 0
github.com/keyoku-ai/keyoku-engine/engine/engine.go:551.2,552.16 2 1
github.com/keyoku-ai/keyoku-engine/engine/engine.go:552.16,554.3 1 0
github.com/keyoku-ai/keyoku-engine/engine/engine.go:556.2,579.8 3 1
github.com/keyoku-ai/keyoku-engine/engine/engine.go:583.151,585.29 2 1
github.com/keyoku-ai/keyoku-engine/engine/engine.go:585.29,586.54 1 1
github.com/keyoku-ai/keyoku-engine/engine/engine.go:586.54,588.9 2 1
github.com/keyoku-ai/keyoku-engine/engine/engine.go:592.2,592.25 1 1
github.com/keyoku-ai/keyoku-engine/engine/engine.go:592.25,598.3 1 1
github.com/keyoku-ai/keyoku-engine/engine/engine.go:600.2,600.74 1 1
github.com/keyoku-ai/keyoku-engine/engine/engine.go:600.74,602.3 1 0
github.com/keyoku-ai/keyoku-engine/engine/engine.go:604.2,623.8 3 1
github.com/keyoku-ai/keyoku-engine/engine/engine.go:644.104,645.20 1 1
github.com/keyoku-ai/keyoku-engine/engine/engine.go:645.20,647.3 1 1
github.com/keyoku-ai/keyoku-engine/engine/engine.go:649.2,650.16 2 1
github.com/keyoku-ai/keyoku-engine/engine/engine.go:650.16,652.3 1 0
github.com/keyoku-ai/keyoku-engine/engine/engine.go:654.2,655.20 2 1
github.com/keyoku-ai/keyoku-engine/engine/engine.go:655.20,657.3 1 1
github.com/keyoku-ai/keyoku-engine/engine/engine.go:659.2,660.25 2 1
github.com/keyoku-ai/keyoku-engine/engine/engine.go:660.25,662.3 1 1
github.com/keyoku-ai/keyoku-engine/engine/engine.go:664.2,669.40 3 1
github.com/keyoku-ai/keyoku-engine/engine/engine.go:669.40,674.3 1 0
github.com/keyoku-ai/keyoku-engine/engine/engine.go:675.2,676.19 2 1
github.com/keyoku-ai/keyoku-engine/engine/engine.go:676.19,678.3 1 1
github.com/keyoku-ai/keyoku-engine/engine/engine.go:679.2,679.40 1 1
github.com/keyoku-ai/keyoku-engine/engine/engine.go:679.40,681.3 1 1
github.com/keyoku-ai/keyoku-engine/engine/engine.go:681.8,683.3 1 1
github.com/keyoku-ai/keyoku-engine/engine/engine.go:684.2,684.16 1 1
github.com/keyoku-ai/keyoku-engine/engine/engine.go:684.16,686.3 1 0
github.com/keyoku-ai/keyoku-engine/engine/engine.go:688.2,689.31 2 1
github.com/keyoku-ai/keyoku-engine/engine/engine.go:689.31,703.3 2 1
github.com/keyoku-ai/keyoku-engine/engine/engine.go:705.2,708.30 3 1
github.com/keyoku-ai/keyoku-engine/engine/engine.go:708.30,710.3 1 0
github.com/keyoku-ai/keyoku-engine/engine/engine.go:713.2,714.28 2 1
github.com/keyoku-ai/keyoku-engine/engine/engine.go:714.28,716.3 1 1
github.com/keyoku-ai/keyoku-engine/engine/engine.go:717.2,720.28 2 1
github.com/keyoku-ai/keyoku-engine/engine/engine.go:720.28,722.40 2 1
github.com/keyoku-ai/keyoku-engine/engine/engine.go:722.40,724.4 1 1
github.com/keyoku-ai/keyoku-engine/engine/engine.go:727.2,727.21 1 1
github.com/keyoku-ai/keyoku-engine/engine/engine.go:731.101,732.16 1 1
github.com/keyoku-ai/keyoku-engine/engine/engine.go:732.16,734.3 1 1
github.com/keyoku-ai/keyoku-engine/engine/engine.go:735.2,741.4 1 1
github.com/keyoku-ai/keyoku-engine/engine/engine.go:745.83,747.2 1 1
github.com/keyoku-ai/keyoku-engine/engine/engine.go:750.63,752.2 1 1
github.com/keyoku-ai/keyoku-engine/engine/engine.go:755.72,757.81 1 1
github.com/keyoku-ai/keyoku-engine/engine/engine.go:757.81,759.3 1 0
github.com/keyoku-ai/keyoku-engine/engine/engine.go:760.2,760.76 1 1
github.com/keyoku-ai/keyoku-engine/engine/engine.go:760.76,762.3 1 0
github.com/keyoku-ai/keyoku-engine/engine/engine.go:764.2,768.16 2 1
github.com/keyoku-ai/keyoku-engine/engine/engine.go:768.16,770.3 1 0
github.com/keyoku-ai/keyoku-engine/engine/engine.go:772.2,772.29 1 1
github.com/keyoku-ai/keyoku-engine/engine/engine.go:772.29,773.63 1 1
github.com/keyoku-ai/keyoku-engine/engine/engine.go:773.63,775.4 1 0
github.com/keyoku-ai/keyoku-engine/engine/engine.go:778.2,778.12 1 1
github.com/keyoku-ai/keyoku-engine/engine/engine.go:789.81,795.16 2 1
github.com/keyoku-ai/keyoku-engine/engine/engine.go:795.16,797.3 1 0
github.com/keyoku-ai/keyoku-engine/engine/engine.go:799.2,805.29 2 1
github.com/keyoku-ai/keyoku-engine/engine/engine.go:805.29,808.3 2 1
github.com/keyoku-ai/keyoku-engine/engine/engine.go:810.2,810.19 1 1
github.com/keyoku-ai/keyoku-engine/engine/engine.go:814.105,816.2 1 1
github.com/keyoku-ai/keyoku-engine/engine/engine.go:819.112,821.2 1 1
github.com/keyoku-ai/keyoku-engine/engine/engine.go:824.32,825.63 1 1
github.com/keyoku-ai/keyoku-engine/engine/engine.go:825.63,827.3 1 0
github.com/keyoku-ai/keyoku-engine/engine/engine.go:828.2,828.12 1 1
github.com/keyoku-ai/keyoku-engine/engine/engine.go:832.141,834.26 2 1
github.com/keyoku-ai/keyoku-engine/engine/engine.go:834.26,835.34 1 1
github.com/keyoku-ai/keyoku-engine/engine/engine.go:835.34,842.4 1 1
github.com/keyoku-ai/keyoku-engine/engine/engine.go:845.2,845.32 1 1
github.com/keyoku-ai/keyoku-engine/engine/engine.go:845.32,847.17 2 1
github.com/keyoku-ai/keyoku-engine/engine/engine.go:847.17,848.12 1 0
github.com/keyoku-ai/keyoku-engine/engine/engine.go:851.3,853.23 2 1
github.com/keyoku-ai/keyoku-engine/engine/engine.go:853.23,863.25 2 1
github.com/keyoku-ai/keyoku-engine/engine/engine.go:863.25,865.19 2 1
github.com/keyoku-ai/keyoku-engine/engine/engine.go:865.19,867.6 1 1
github.com/keyoku-ai/keyoku-engine/engine/engine.go:870.4,870.60 1 1
github.com/keyoku-ai/keyoku-engine/engine/engine.go:870.60,871.13 1 0
github.com/keyoku-ai/keyoku-engine/engine/engine.go:873.9,875.4 1 1
github.com/keyoku-ai/keyoku-engine/engine/engine.go:877.3,877.20 1 1
github.com/keyoku-ai/keyoku-engine/engine/engine.go:877.20,885.4 1 1
github.com/keyoku-ai/keyoku-engine/engine/engine.go:890.156,892.31 2 1
github.com/keyoku-ai/keyoku-engine/engine/engine.go:892.31,893.39 1 1
github.com/keyoku-ai/keyoku-engine/engine/engine.go:893.39,902.4 1 1
github.com/keyoku-ai/keyoku-engine/engine/engine.go:905.2,905.31 1 1
github.com/keyoku-ai/keyoku-engine/engine/engine.go:905.31,909.49 3 1
github.com/keyoku-ai/keyoku-engine/engine/engine.go:909.49,910.12 1 1
github.com/keyoku-ai/keyoku-engine/engine/engine.go:913.3,914.25 2 1
github.com/keyoku-ai/keyoku-engine/engine/engine.go:914.25,915.45 1 1
github.com/keyoku-ai/keyoku-engine/engine/engine.go:915.45,920.5 2 0
github.com/keyoku-ai/keyoku-engine/engine/engine.go:921.4,928.12 3 1
github.com/keyoku-ai/keyoku-engine/engine/engine.go:931.3,943.71 2 1
github.com/keyoku-ai/keyoku-engine/engine/engine.go:943.71,944.12 1 0
github.com/keyoku-ai/keyoku-engine/engine/engine.go:947.3,952.5 1 1
github.com/keyoku-ai/keyoku-engine/engine/engine.go:957.58,958.17 1 1
github.com/keyoku-ai/keyoku-engine/engine/engine.go:959.16,960.34 1 1
github.com/keyoku-ai/keyoku-engine/engine/engine.go:961.22,962.40 1 1
github.com/keyoku-ai/keyoku-engine/engine/engine.go:963.18,964.36 1 1
github.com/keyoku-ai/keyoku-engine/engine/engine.go:965.17,966.35 1 1
github.com/keyoku-ai/keyoku-engine/engine/engine.go:967.10,968.33 1 1
github.com/keyoku-ai/keyoku-engine/engine/engine.go:973.153,975.16 2 1
github.com/keyoku-ai/keyoku-engine/engine/engine.go:975.16,977.3 1 0
github.com/keyoku-ai/keyoku-engine/engine/engine.go:978.2,978.19 1 1
github.com/keyoku-ai/keyoku-engine/engine/engine.go:978.19,980.3 1 0
github.com/keyoku-ai/keyoku-engine/engine/engine.go:981.2,981.22 1 1
github.com/keyoku-ai/keyoku-engine/engine/engine.go:981.22,983.3 1 0
github.com/keyoku-ai/keyoku-engine/engine/engine.go:985.2,991.16 2 1
github.com/keyoku-ai/keyoku-engine/engine/engine.go:991.16,993.3 1 0
github.com/keyoku-ai/keyoku-engine/engine/engine.go:995.2,1004.72 2 1
github.com/keyoku-ai/keyoku-engine/engine/engine.go:1004.72,1006.3 1 0
github.com/keyoku-ai/keyoku-engine/engine/engine.go:1008.2,1008.24 1 1
github.com/keyoku-ai/keyoku-engine/engine/engine.go:1013.148,1020.38 2 1
github.com/keyoku-ai/keyoku-engine/engine/engine.go:1020.38,1022.52 1 1
github.com/keyoku-ai/keyoku-engine/engine/engine.go:1022.52,1023.12 1 0
github.com/keyoku-ai/keyoku-engine/engine/engine.go:1026.3,1026.36 1 1
github.com/keyoku-ai/keyoku-engine/engine/engine.go:1026.36,1027.12 1 1
github.com/keyoku-ai/keyoku-engine/engine/engine.go:1030.3,1030.35 1 1
github.com/keyoku-ai/keyoku-engine/engine/engine.go:1030.35,1031.12 1 0
github.com/keyoku-ai/keyoku-engine/engine/engine.go:1034.3,1034.45 1 1
github.com/keyoku-ai/keyoku-engine/engine/engine.go:1034.45,1035.9 1 0
github.com/keyoku-ai/keyoku-engine/engine/engine.go:1039.3,1040.41 2 1
github.com/keyoku-ai/keyoku-engine/engine/engine.go:1040.41,1041.40 1 1
github.com/keyoku-ai/keyoku-engine/engine/engine.go:1041.40,1043.5 1 1
github.com/keyoku-ai/keyoku-engine/engine/engine.go:1044.4,1044.33 1 1
github.com/keyoku-ai/keyoku-engine/engine/engine.go:1044.33,1045.10 1 0
github.com/keyoku-ai/keyoku-engine/engine/engine.go:1049.3,1056.17 2 1
github.com/keyoku-ai/keyoku-engine/engine/engine.go:1056.17,1057.12 1 0
github.com/keyoku-ai/keyoku-engine/engine/engine.go:1060.3,1062.25 2 1
github.com/keyoku-ai/keyoku-engine/engine/engine.go:1062.25,1063.12 1 1
github.com/keyoku-ai/keyoku-engine/engine/engine.go:1067.3,1068.24 2 1
github.com/keyoku-ai/keyoku-engine/engine/engine.go:1068.24,1070.4 1 0
github.com/keyoku-ai/keyoku-engine/engine/engine.go:1071.3,1071.24 1 1
github.com/keyoku-ai/keyoku-engine/engine/engine.go:1071.24,1073.4 1 0
github.com/keyoku-ai/keyoku-engine/engine/engine.go:1075.3,1078.17 2 1
github.com/keyoku-ai/keyoku-engine/engine/engine.go:1078.17,1079.12 1 0
github.com/keyoku-ai/keyoku-engine/engine/engine.go:1082.3,1099.5 2 1
github.com/keyoku-ai/keyoku-engine/engine/engine.go:1105.41,1108.2 2 1
github.com/keyoku-ai/keyoku-engine/engine/engine.go:1110.52,1114.2 1 1
github.com/keyoku-ai/keyoku-engine/engine/engine.go:1116.49,1117.36 1 1
github.com/keyoku-ai/keyoku-engine/engine/engine.go:1117.36,1118.89 1 1
github.com/keyoku-ai/keyoku-engine/engine/engine.go:1118.89,1120.4 1 1
github.com/keyoku-ai/keyoku-engine/engine/engine.go:1127.102,1128.23 1 1
github.com/keyoku-ai/keyoku-engine/engine/engine.go:1128.23,1130.3 1 1
github.com/keyoku-ai/keyoku-engine/engine/engine.go:1132.2,1133.28 2 1
github.com/keyoku-ai/keyoku-engine/engine/engine.go:1133.28,1135.32 2 1
github.com/keyoku-ai/keyoku-engine/engine/engine.go:1135.32,1136.47 1 1
github.com/keyoku-ai/keyoku-engine/engine/engine.go:1136.47,1138.10 2 1
github.com/keyoku-ai/keyoku-engine/engine/engine.go:1141.3,1141.19 1 1
github.com/keyoku-ai/keyoku-engine/engine/engine.go:1141.19,1143.4 1 1
github.com/keyoku-ai/keyoku-engine/engine/engine.go:1145.2,1145.16 1 1
github.com/keyoku-ai/keyoku-engine/engine/engine.go:1149.50,1150.25 1 1
github.com/keyoku-ai/keyoku-engine/engine/engine.go:1150.25,1152.3 1 1
github.com/keyoku-ai/keyoku-engine/engine/engine.go:1153.2,1154.30 2 1
github.com/keyoku-ai/keyoku-engine/engine/engine.go:1154.30,1160.3 5 1
github.com/keyoku-ai/keyoku-engine/engine/engine.go:1161.2,1161.12 1 1
github.com/keyoku-ai/keyoku-engine/engine/engine.go:1165.45,1166.40 1 1
github.com/keyoku-ai/keyoku-engine/engine/engine.go:1166.40,1168.3 1 1
github.com/keyoku-ai/keyoku-engine/engine/engine.go:1169.2,1170.24 2 1
github.com/keyoku-ai/keyoku-engine/engine/engine.go:1170.24,1176.3 2 1
github.com/keyoku-ai/keyoku-engine/engine/engine.go:1177.2,1177.15 1 1
github.com/keyoku-ai/keyoku-engine/engine/entity.go:30.41,36.2 1 1
github.com/keyoku-ai/keyoku-engine/engine/entity.go:39.105,40.40 1 1
github.com/keyoku-ai/keyoku-engine/engine/entity.go:40.40,42.3 1 1
github.com/keyoku-ai/keyoku-engine/engine/entity.go:43.2,43.28 1 1
github.com/keyoku-ai/keyoku-engine/engine/entity.go:43.28,45.3 1 1
github.com/keyoku-ai/keyoku-engine/engine/entity.go:46.2,50.3 1 1
github.com/keyoku-ai/keyoku-engine/engine/entity.go:71.106,76.35 3 1
github.com/keyoku-ai/keyoku-engine/engine/entity.go:76.35,83.3 1 1
github.com/keyoku-ai/keyoku-engine/engine/entity.go:86.2,87.35 2 1
github.com/keyoku-ai/keyoku-engine/engine/entity.go:87.35,94.3 1 1
github.com/keyoku-ai/keyoku-engine/engine/entity.go:97.2,100.43 3 1
github.com/keyoku-ai/keyoku-engine/engine/entity.go:104.137,107.35 2 1
github.com/keyoku-ai/keyoku-engine/engine/entity.go:107.35,115.3 1 1
github.com/keyoku-ai/keyoku-engine/engine/entity.go:118.2,119.35 2 1
github.com/keyoku-ai/keyoku-engine/engine/entity.go:119.35,127.3 1 1
github.com/keyoku-ai/keyoku-engine/engine/entity.go:130.2,130.55 1 1
github.com/keyoku-ai/keyoku-engine/engine/entity.go:130.55,132.33 2 1
github.com/keyoku-ai/keyoku-engine/engine/entity.go:132.33,134.38 2 1
github.com/keyoku-ai/keyoku-engine/engine/entity.go:134.38,142.5 1 1
github.com/keyoku-ai/keyoku-engine/engine/entity.go:147.2,152.8 1 1
github.com/keyoku-ai/keyoku-engine/engine/entity.go:156.103,158.57 1 1
github.com/keyoku-ai/keyoku-engine/engine/entity.go:158.57,160.3 1 1
github.com/keyoku-ai/keyoku-engine/engine/entity.go:163.2,163.42 1 1
github.com/keyoku-ai/keyoku-engine/engine/entity.go:163.42,164.86 1 1
github.com/keyoku-ai/keyoku-engine/engine/entity.go:164.86,166.4 1 1
github.com/keyoku-ai/keyoku-engine/engine/entity.go:170.2,171.16 2 1
github.com/keyoku-ai/keyoku-engine/engine/entity.go:171.16,172.36 1 1
github.com/keyoku-ai/keyoku-engine/engine/entity.go:172.36,180.4 1 1
github.com/keyoku-ai/keyoku-engine/engine/entity.go:184.2,184.46 1 1
github.com/keyoku-ai/keyoku-engine/engine/entity.go:184.46,186.3 1 1
github.com/keyoku-ai/keyoku-engine/engine/entity.go:189.2,189.48 1 1
github.com/keyoku-ai/keyoku-engine/engine/entity.go:194.50,198.29 3 1
github.com/keyoku-ai/keyoku-engine/engine/entity.go:198.29,199.51 1 1
github.com/keyoku-ai/keyoku-engine/engine/entity.go:199.51,200.57 1 1
github.com/keyoku-ai/keyoku-engine/engine/entity.go:200.57,202.23 2 1
github.com/keyoku-ai/keyoku-engine/engine/entity.go:202.23,204.6 1 1
github.com/keyoku-ai/keyoku-engine/engine/entity.go:210.2,214.14 4 1
github.com/keyoku-ai/keyoku-engine/engine/entity.go:217.52,221.32 4 1
github.com/keyoku-ai/keyoku-engine/engine/entity.go:221.32,222.21 1 1
github.com/keyoku-ai/keyoku-engine/engine/entity.go:222.21,224.4 1 1
github.com/keyoku-ai/keyoku-engine/engine/entity.go:226.2,226.15 1 1
github.com/keyoku-ai/keyoku-engine/engine/entity.go:229.68,242.29 3 1
github.com/keyoku-ai/keyoku-engine/engine/entity.go:242.29,245.33 3 1
github.com/keyoku-ai/keyoku-engine/engine/entity.go:245.33,246.22 1 1
github.com/keyoku-ai/keyoku-engine/engine/entity.go:246.22,253.5 1 1
github.com/keyoku-ai/keyoku-engine/engine/entity.go:257.2,257.17 1 1
github.com/keyoku-ai/keyoku-engine/engine/entity.go:260.70,268.39 3 1
github.com/keyoku-ai/keyoku-engine/engine/entity.go:268.39,269.42 1 1
github.com/keyoku-ai/keyoku-engine/engine/entity.go:269.42,271.4 1 1
github.com/keyoku-ai/keyoku-engine/engine/entity.go:274.2,278.36 2 1
github.com/keyoku-ai/keyoku-engine/engine/entity.go:278.36,279.42 1 1
github.com/keyoku-ai/keyoku-engine/engine/entity.go:279.42,281.4 1 1
github.com/keyoku-ai/keyoku-engine/engine/entity.go:284.2,288.36 2 1
github.com/keyoku-ai/keyoku-engine/engine/entity.go:288.36,289.42 1 1
github.com/keyoku-ai/keyoku-engine/engine/entity.go:289.42,291.4 1 1
github.com/keyoku-ai/keyoku-engine/engine/entity.go:294.2,298.40 2 1
github.com/keyoku-ai/keyoku-engine/engine/entity.go:298.40,299.42 1 1
github.com/keyoku-ai/keyoku-engine/engine/entity.go:299.42,301.4 1 1
github.com/keyoku-ai/keyoku-engine/engine/entity.go:304.2,304.32 1 1
github.com/keyoku-ai/keyoku-engine/engine/entity.go:307.61,309.15 2 1
github.com/keyoku-ai/keyoku-engine/engine/entity.go:309.15,311.3 1 1
github.com/keyoku-ai/keyoku-engine/engine/entity.go:312.2,313.15 2 1
github.com/keyoku-ai/keyoku-engine/engine/entity.go:313.15,315.3 1 1
github.com/keyoku-ai/keyoku-engine/engine/entity.go:316.2,317.24 2 1
github.com/keyoku-ai/keyoku-engine/engine/entity.go:317.24,319.3 1 1
github.com/keyoku-ai/keyoku-engine/engine/entity.go:320.2,320.27 1 1
github.com/keyoku-ai/keyoku-engine/engine/entity.go:323.72,326.29 3 1
github.com/keyoku-ai/keyoku-engine/engine/entity.go:326.29,328.17 2 1
github.com/keyoku-ai/keyoku-engine/engine/entity.go:328.17,331.4 2 1
github.com/keyoku-ai/keyoku-engine/engine/entity.go:333.2,333.15 1 1
github.com/keyoku-ai/keyoku-engine/engine/entity.go:336.49,337.26 1 1
github.com/keyoku-ai/keyoku-engine/engine/entity.go:337.26,338.16 1 1
github.com/keyoku-ai/keyoku-engine/engine/entity.go:338.16,340.4 1 1
github.com/keyoku-ai/keyoku-engine/engine/entity.go:342.2,342.14 1 1
github.com/keyoku-ai/keyoku-engine/engine/graph.go:28.39,34.2 1 1
github.com/keyoku-ai/keyoku-engine/engine/graph.go:37.75,38.35 1 1
github.com/keyoku-ai/keyoku-engine/engine/graph.go:38.35,40.3 1 1
github.com/keyoku-ai/keyoku-engine/engine/graph.go:41.2,41.28 1 1
github.com/keyoku-ai/keyoku-engine/engine/graph.go:41.28,43.3 1 1
github.com/keyoku-ai/keyoku-engine/engine/graph.go:44.2,44.41 1 1
github.com/keyoku-ai/keyoku-engine/engine/graph.go:44.41,46.3 1 1
github.com/keyoku-ai/keyoku-engine/engine/graph.go:47.2,47.51 1 1
github.com/keyoku-ai/keyoku-engine/engine/graph.go:87.123,89.19 2 1
github.com/keyoku-ai/keyoku-engine/engine/graph.go:89.19,91.3 1 1
github.com/keyoku-ai/keyoku-engine/engine/graph.go:94.2,97.31 3 1
github.com/keyoku-ai/keyoku-engine/engine/graph.go:97.31,99.3 1 1
github.com/keyoku-ai/keyoku-engine/engine/graph.go:99.8,99.40 1 1
github.com/keyoku-ai/keyoku-engine/engine/graph.go:99.40,101.3 1 1
github.com/keyoku-ai/keyoku-engine/engine/graph.go:101.8,103.3 1 1
github.com/keyoku-ai/keyoku-engine/engine/graph.go:105.2,105.16 1 1
github.com/keyoku-ai/keyoku-engine/engine/graph.go:105.16,107.3 1 0
github.com/keyoku-ai/keyoku-engine/engine/graph.go:108.2,108.24 1 1
github.com/keyoku-ai/keyoku-engine/engine/graph.go:108.24,110.3 1 1
github.com/keyoku-ai/keyoku-engine/engine/graph.go:112.2,130.64 6 1
github.com/keyoku-ai/keyoku-engine/engine/graph.go:130.64,134.32 3 1
github.com/keyoku-ai/keyoku-engine/engine/graph.go:134.32,135.12 1 0
github.com/keyoku-ai/keyoku-engine/engine/graph.go:138.3,139.17 2 1
github.com/keyoku-ai/keyoku-engine/engine/graph.go:139.17,140.12 1 0
github.com/keyoku-ai/keyoku-engine/engine/graph.go:143.3,143.30 1 1
github.com/keyoku-ai/keyoku-engine/engine/graph.go:143.30,148.38 4 1
github.com/keyoku-ai/keyoku-engine/engine/graph.go:148.38,165.33 8 1
github.com/keyoku-ai/keyoku-engine/engine/graph.go:165.33,167.6 1 1
github.com/keyoku-ai/keyoku-engine/engine/graph.go:172.2,173.20 2 1
github.com/keyoku-ai/keyoku-engine/engine/graph.go:177.119,178.32 1 1
github.com/keyoku-ai/keyoku-engine/engine/graph.go:178.32,180.3 1 1
github.com/keyoku-ai/keyoku-engine/engine/graph.go:182.2,186.21 4 1
github.com/keyoku-ai/keyoku-engine/engine/graph.go:186.21,191.17 4 1
github.com/keyoku-ai/keyoku-engine/engine/graph.go:191.17,192.12 1 0
github.com/keyoku-ai/keyoku-engine/engine/graph.go:195.3,195.30 1 1
github.com/keyoku-ai/keyoku-engine/engine/graph.go:195.30,197.30 2 1
github.com/keyoku-ai/keyoku-engine/engine/graph.go:197.30,200.30 3 1
github.com/keyoku-ai/keyoku-engine/engine/graph.go:200.30,203.6 2 1
github.com/keyoku-ai/keyoku-engine/engine/graph.go:204.5,205.21 2 1
github.com/keyoku-ai/keyoku-engine/engine/graph.go:208.4,208.26 1 1
github.com/keyoku-ai/keyoku-engine/engine/graph.go:208.26,212.5 3 1
github.com/keyoku-ai/keyoku-engine/engine/graph.go:216.2,216.58 1 1
github.com/keyoku-ai/keyoku-engine/engine/graph.go:220.117,222.2 1 1
github.com/keyoku-ai/keyoku-engine/engine/graph.go:232.117,234.16 2 1
github.com/keyoku-ai/keyoku-engine/engine/graph.go:234.16,236.3 1 0
github.com/keyoku-ai/keyoku-engine/engine/graph.go:237.2,237.19 1 1
github.com/keyoku-ai/keyoku-engine/engine/graph.go:237.19,239.3 1 1
github.com/keyoku-ai/keyoku-engine/engine/graph.go:241.2,242.16 2 1
github.com/keyoku-ai/keyoku-engine/engine/graph.go:242.16,244.3 1 0
github.com/keyoku-ai/keyoku-engine/engine/graph.go:246.2,249.8 1 1
github.com/keyoku-ai/keyoku-engine/engine/graph.go:253.142,258.16 2 1
github.com/keyoku-ai/keyoku-engine/engine/graph.go:258.16,260.3 1 0
github.com/keyoku-ai/keyoku-engine/engine/graph.go:262.2,264.29 3 1
github.com/keyoku-ai/keyoku-engine/engine/graph.go:264.29,265.34 1 1
github.com/keyoku-ai/keyoku-engine/engine/graph.go:265.34,268.4 2 1
github.com/keyoku-ai/keyoku-engine/engine/graph.go:270.2,270.22 1 1
github.com/keyoku-ai/keyoku-engine/engine/graph.go:274.125,276.21 2 1
github.com/keyoku-ai/keyoku-engine/engine/graph.go:276.21,278.3 1 1
github.com/keyoku-ai/keyoku-engine/engine/graph.go:280.2,281.16 2 1
github.com/keyoku-ai/keyoku-engine/engine/graph.go:281.16,283.3 1 0
github.com/keyoku-ai/keyoku-engine/engine/graph.go:285.2,286.27 2 1
github.com/keyoku-ai/keyoku-engine/engine/graph.go:286.27,289.75 1 1
github.com/keyoku-ai/keyoku-engine/engine/graph.go:289.75,290.12 1 0
github.com/keyoku-ai/keyoku-engine/engine/graph.go:294.3,294.39 1 1
github.com/keyoku-ai/keyoku-engine/engine/graph.go:294.39,296.46 2 1
github.com/keyoku-ai/keyoku-engine/engine/graph.go:296.46,297.34 1 1
github.com/keyoku-ai/keyoku-engine/engine/graph.go:297.34,299.11 2 1
github.com/keyoku-ai/keyoku-engine/engine/graph.go:302.4,302.16 1 1
github.com/keyoku-ai/keyoku-engine/engine/graph.go:302.16,303.13 1 1
github.com/keyoku-ai/keyoku-engine/engine/graph.go:308.3,308.54 1 1
github.com/keyoku-ai/keyoku-engine/engine/graph.go:308.54,309.12 1 1
github.com/keyoku-ai/keyoku-engine/engine/graph.go:313.3,315.37 3 1
github.com/keyoku-ai/keyoku-engine/engine/graph.go:315.37,318.4 2 1
github.com/keyoku-ai/keyoku-engine/engine/graph.go:318.9,321.4 2 1
github.com/keyoku-ai/keyoku-engine/engine/graph.go:323.3,324.40 2 1
github.com/keyoku-ai/keyoku-engine/engine/graph.go:324.40,325.12 1 0
github.com/keyoku-ai/keyoku-engine/engine/graph.go:329.3,329.33 1 1
github.com/keyoku-ai/keyoku-engine/engine/graph.go:329.33,331.40 2 1
github.com/keyoku-ai/keyoku-engine/engine/graph.go:331.40,332.31 1 1
github.com/keyoku-ai/keyoku-engine/engine/graph.go:332.31,334.11 2 1
github.com/keyoku-ai/keyoku-engine/engine/graph.go:337.4,337.16 1 1
github.com/keyoku-ai/keyoku-engine/engine/graph.go:337.16,338.13 1 1
github.com/keyoku-ai/keyoku-engine/engine/graph.go:342.3,346.5 1 1
github.com/keyoku-ai/keyoku-engine/engine/graph.go:349.2,349.19 1 1
github.com/keyoku-ai/keyoku-engine/engine/graph.go:354.149,356.16 2 1
github.com/keyoku-ai/keyoku-engine/engine/graph.go:356.16,358.3 1 0
github.com/keyoku-ai/keyoku-engine/engine/graph.go:360.2,363.32 3 1
github.com/keyoku-ai/keyoku-engine/engine/graph.go:363.32,365.34 2 1
github.com/keyoku-ai/keyoku-engine/engine/graph.go:365.34,367.12 2 0
github.com/keyoku-ai/keyoku-engine/engine/graph.go:369.3,371.22 2 1
github.com/keyoku-ai/keyoku-engine/engine/graph.go:371.22,374.29 3 1
github.com/keyoku-ai/keyoku-engine/engine/graph.go:374.29,376.71 1 1
github.com/keyoku-ai/keyoku-engine/engine/graph.go:376.71,379.27 3 1
github.com/keyoku-ai/keyoku-engine/engine/graph.go:379.27,381.7 1 1
github.com/keyoku-ai/keyoku-engine/engine/graph.go:382.6,383.11 2 1
github.com/keyoku-ai/keyoku-engine/engine/graph.go:389.2,394.16 2 1
github.com/keyoku-ai/keyoku-engine/engine/graph.go:394.16,396.3 1 0
github.com/keyoku-ai/keyoku-engine/engine/graph.go:398.2,398.26 1 1
github.com/keyoku-ai/keyoku-engine/engine/graph.go:402.138,404.16 2 1
github.com/keyoku-ai/keyoku-engine/engine/graph.go:404.16,406.3 1 0
github.com/keyoku-ai/keyoku-engine/engine/graph.go:408.2,413.47 4 1
github.com/keyoku-ai/keyoku-engine/engine/graph.go:413.47,415.35 2 1
github.com/keyoku-ai/keyoku-engine/engine/graph.go:415.35,418.4 1 1
github.com/keyoku-ai/keyoku-engine/engine/graph.go:418.9,421.4 1 1
github.com/keyoku-ai/keyoku-engine/engine/graph.go:424.2,429.16 2 1
github.com/keyoku-ai/keyoku-engine/engine/graph.go:429.16,431.3 1 0
github.com/keyoku-ai/keyoku-engine/engine/graph.go:433.2,433.26 1 1
github.com/keyoku-ai/keyoku-engine/engine/ranker.go:22.60,28.2 5 1
github.com/keyoku-ai/keyoku-engine/engine/ranker.go:33.51,34.25 1 1
github.com/keyoku-ai/keyoku-engine/engine/ranker.go:34.25,36.3 1 1
github.com/keyoku-ai/keyoku-engine/engine/ranker.go:37.2,38.16 2 1
github.com/keyoku-ai/keyoku-engine/engine/ranker.go:38.16,40.3 1 1
github.com/keyoku-ai/keyoku-engine/engine/ranker.go:42.2,42.42 1 1
github.com/keyoku-ai/keyoku-engine/engine/ranker.go:47.55,48.25 1 1
github.com/keyoku-ai/keyoku-engine/engine/ranker.go:48.25,50.3 1 1
github.com/keyoku-ai/keyoku-engine/engine/ranker.go:51.2,52.9 2 1
github.com/keyoku-ai/keyoku-engine/engine/ranker.go:53.18,54.13 1 1
github.com/keyoku-ai/keyoku-engine/engine/ranker.go:55.19,56.13 1 1
github.com/keyoku-ai/keyoku-engine/engine/ranker.go:57.19,58.13 1 1
github.com/keyoku-ai/keyoku-engine/engine/ranker.go:59.10,60.13 1 1
github.com/keyoku-ai/keyoku-engine/engine/ranker.go:66.83,68.29 2 1
github.com/keyoku-ai/keyoku-engine/engine/ranker.go:68.29,73.3 1 1
github.com/keyoku-ai/keyoku-engine/engine/ranker.go:75.2,75.41 1 1
github.com/keyoku-ai/keyoku-engine/engine/ranker.go:75.41,77.3 1 1
github.com/keyoku-ai/keyoku-engine/engine/ranker.go:78.2,78.15 1 1
github.com/keyoku-ai/keyoku-engine/engine/relationship.go:27.53,32.2 1 1
github.com/keyoku-ai/keyoku-engine/engine/relationship.go:35.100,36.31 1 1
github.com/keyoku-ai/keyoku-engine/engine/relationship.go:36.31,38.3 1 1
github.com/keyoku-ai/keyoku-engine/engine/relationship.go:39.2,39.60 1 1
github.com/keyoku-ai/keyoku-engine/engine/relationship.go:100.149,104.47 2 1
github.com/keyoku-ai/keyoku-engine/engine/relationship.go:104.47,106.33 2 1
github.com/keyoku-ai/keyoku-engine/engine/relationship.go:106.33,107.78 1 1
github.com/keyoku-ai/keyoku-engine/engine/relationship.go:107.78,108.13 1 0
github.com/keyoku-ai/keyoku-engine/engine/relationship.go:111.4,112.32 2 1
github.com/keyoku-ai/keyoku-engine/engine/relationship.go:112.32,114.5 1 0
github.com/keyoku-ai/keyoku-engine/engine/relationship.go:114.10,116.5 1 1
github.com/keyoku-ai/keyoku-engine/engine/relationship.go:117.4,117.32 1 1
github.com/keyoku-ai/keyoku-engine/engine/relationship.go:117.32,119.5 1 1
github.com/keyoku-ai/keyoku-engine/engine/relationship.go:119.10,121.5 1 1
github.com/keyoku-ai/keyoku-engine/engine/relationship.go:123.4,123.56 1 1
github.com/keyoku-ai/keyoku-engine/engine/relationship.go:123.56,132.5 1 1
github.com/keyoku-ai/keyoku-engine/engine/relationship.go:137.2,137.24 1 1
github.com/keyoku-ai/keyoku-engine/engine/relationship.go:137.24,140.3 2 1
github.com/keyoku-ai/keyoku-engine/engine/relationship.go:143.2,146.53 3 1
github.com/keyoku-ai/keyoku-engine/engine/relationship.go:150.120,156.2 5 1
github.com/keyoku-ai/keyoku-engine/engine/relationship.go:160.93,164.37 3 1
github.com/keyoku-ai/keyoku-engine/engine/relationship.go:164.37,165.42 1 1
github.com/keyoku-ai/keyoku-engine/engine/relationship.go:165.42,171.32 5 1
github.com/keyoku-ai/keyoku-engine/engine/relationship.go:171.32,172.13 1 0
github.com/keyoku-ai/keyoku-engine/engine/relationship.go:175.4,176.20 2 1
github.com/keyoku-ai/keyoku-engine/engine/relationship.go:176.20,178.5 1 0
github.com/keyoku-ai/keyoku-engine/engine/relationship.go:180.4,180.22 1 1
github.com/keyoku-ai/keyoku-engine/engine/relationship.go:180.22,182.20 2 1
github.com/keyoku-ai/keyoku-engine/engine/relationship.go:182.20,185.6 2 1
github.com/keyoku-ai/keyoku-engine/engine/relationship.go:185.11,188.6 2 0
github.com/keyoku-ai/keyoku-engine/engine/relationship.go:189.5,189.56 1 1
github.com/keyoku-ai/keyoku-engine/engine/relationship.go:189.56,190.14 1 0
github.com/keyoku-ai/keyoku-engine/engine/relationship.go:193.5,195.22 3 1
github.com/keyoku-ai/keyoku-engine/engine/relationship.go:195.22,204.6 1 1
github.com/keyoku-ai/keyoku-engine/engine/relationship.go:209.2,209.22 1 1
github.com/keyoku-ai/keyoku-engine/engine/relationship.go:212.69,230.34 3 1
github.com/keyoku-ai/keyoku-engine/engine/relationship.go:230.34,233.33 3 1
github.com/keyoku-ai/keyoku-engine/engine/relationship.go:233.33,234.23 1 1
github.com/keyoku-ai/keyoku-engine/engine/relationship.go:234.23,243.5 1 1
github.com/keyoku-ai/keyoku-engine/engine/relationship.go:247.2,247.22 1 1
github.com/keyoku-ai/keyoku-engine/engine/relationship.go:250.58,253.43 2 1
github.com/keyoku-ai/keyoku-engine/engine/relationship.go:253.43,254.45 1 1
github.com/keyoku-ai/keyoku-engine/engine/relationship.go:254.45,256.4 1 1
github.com/keyoku-ai/keyoku-engine/engine/relationship.go:257.3,257.27 1 1
github.com/keyoku-ai/keyoku-engine/engine/relationship.go:259.2,259.44 1 1
github.com/keyoku-ai/keyoku-engine/engine/relationship.go:259.44,261.3 1 1
github.com/keyoku-ai/keyoku-engine/engine/relationship.go:262.2,262.42 1 1
github.com/keyoku-ai/keyoku-engine/engine/relationship.go:262.42,264.3 1 1
github.com/keyoku-ai/keyoku-engine/engine/relationship.go:265.2,265.44 1 1
github.com/keyoku-ai/keyoku-engine/engine/relationship.go:265.44,267.3 1 1
github.com/keyoku-ai/keyoku-engine/engine/relationship.go:268.2,268.11 1 1
github.com/keyoku-ai/keyoku-engine/engine/relationship.go:271.92,274.34 2 1
github.com/keyoku-ai/keyoku-engine/engine/relationship.go:274.34,276.59 2 1
github.com/keyoku-ai/keyoku-engine/engine/relationship.go:276.59,278.4 1 1
github.com/keyoku-ai/keyoku-engine/engine/relationship.go:278.9,280.4 1 1
github.com/keyoku-ai/keyoku-engine/engine/relationship.go:282.3,283.52 2 1
github.com/keyoku-ai/keyoku-engine/engine/relationship.go:283.52,285.4 1 1
github.com/keyoku-ai/keyoku-engine/engine/relationship.go:288.2,289.25 2 1
github.com/keyoku-ai/keyoku-engine/engine/relationship.go:289.25,291.3 1 1
github.com/keyoku-ai/keyoku-engine/engine/relationship.go:292.2,292.15 1 1
github.com/keyoku-ai/keyoku-engine/engine/retrieval.go:37.47,49.2 1 1
github.com/keyoku-ai/keyoku-engine/engine/retrieval.go:52.134,53.28 1 1
github.com/keyoku-ai/keyoku-engine/engine/retrieval.go:53.28,55.3 1 1
github.com/keyoku-ai/keyoku-engine/engine/retrieval.go:56.2,56.31 1 1
github.com/keyoku-ai/keyoku-engine/engine/retrieval.go:56.31,58.3 1 1
github.com/keyoku-ai/keyoku-engine/engine/retrieval.go:59.2,59.36 1 1
github.com/keyoku-ai/keyoku-engine/engine/retrieval.go:59.36,61.3 1 1
github.com/keyoku-ai/keyoku-engine/engine/retrieval.go:62.2,67.3 1 1
github.com/keyoku-ai/keyoku-engine/engine/retrieval.go:126.107,135.28 6 1
github.com/keyoku-ai/keyoku-engine/engine/retrieval.go:135.28,137.3 1 1
github.com/keyoku-ai/keyoku-engine/engine/retrieval.go:137.8,137.30 1 1
github.com/keyoku-ai/keyoku-engine/engine/retrieval.go:137.30,139.17 2 1
github.com/keyoku-ai/keyoku-engine/engine/retrieval.go:139.17,141.4 1 0
github.com/keyoku-ai/keyoku-engine/engine/retrieval.go:143.2,149.21 5 1
github.com/keyoku-ai/keyoku-engine/engine/retrieval.go:149.21,151.3 1 1
github.com/keyoku-ai/keyoku-engine/engine/retrieval.go:153.2,154.22 2 1
github.com/keyoku-ai/keyoku-engine/engine/retrieval.go:154.22,156.3 1 1
github.com/keyoku-ai/keyoku-engine/engine/retrieval.go:158.2,160.24 2 1
github.com/keyoku-ai/keyoku-engine/engine/retrieval.go:160.24,162.31 2 1
github.com/keyoku-ai/keyoku-engine/engine/retrieval.go:162.31,166.4 1 0
github.com/keyoku-ai/keyoku-engine/engine/retrieval.go:166.9,168.4 1 1
github.com/keyoku-ai/keyoku-engine/engine/retrieval.go:169.3,169.17 1 1
github.com/keyoku-ai/keyoku-engine/engine/retrieval.go:169.17,171.4 1 0
github.com/keyoku-ai/keyoku-engine/engine/retrieval.go:172.3,172.29 1 1
github.com/keyoku-ai/keyoku-engine/engine/retrieval.go:172.29,178.4 1 1
github.com/keyoku-ai/keyoku-engine/engine/retrieval.go:182.2,182.78 1 1
github.com/keyoku-ai/keyoku-engine/engine/retrieval.go:182.78,183.49 1 1
github.com/keyoku-ai/keyoku-engine/engine/retrieval.go:183.49,185.32 2 1
github.com/keyoku-ai/keyoku-engine/engine/retrieval.go:185.32,189.5 1 0
github.com/keyoku-ai/keyoku-engine/engine/retrieval.go:189.10,191.5 1 1
github.com/keyoku-ai/keyoku-engine/engine/retrieval.go:192.4,192.18 1 1
github.com/keyoku-ai/keyoku-engine/engine/retrieval.go:192.18,193.13 1 0
github.com/keyoku-ai/keyoku-engine/engine/retrieval.go:195.4,195.30 1 1
github.com/keyoku-ai/keyoku-engine/engine/retrieval.go:195.30,201.5 1 1
github.com/keyoku-ai/keyoku-engine/engine/retrieval.go:205.2,213.51 5 1
github.com/keyoku-ai/keyoku-engine/engine/retrieval.go:213.51,215.3 1 1
github.com/keyoku-ai/keyoku-engine/engine/retrieval.go:216.2,219.40 2 1
github.com/keyoku-ai/keyoku-engine/engine/retrieval.go:219.40,221.3 1 1
github.com/keyoku-ai/keyoku-engine/engine/retrieval.go:223.2,227.20 4 1
github.com/keyoku-ai/keyoku-engine/engine/retrieval.go:231.120,239.2 1 1
github.com/keyoku-ai/keyoku-engine/engine/retrieval.go:242.131,244.2 1 1
github.com/keyoku-ai/keyoku-engine/engine/retrieval.go:247.123,255.2 1 1
github.com/keyoku-ai/keyoku-engine/engine/retrieval.go:258.153,260.42 2 1
github.com/keyoku-ai/keyoku-engine/engine/retrieval.go:260.42,262.3 1 1
github.com/keyoku-ai/keyoku-engine/engine/retrieval.go:263.2,268.4 1 1
github.com/keyoku-ai/keyoku-engine/engine/retrieval.go:273.106,276.29 2 1
github.com/keyoku-ai/keyoku-engine/engine/retrieval.go:276.29,278.26 1 1
github.com/keyoku-ai/keyoku-engine/engine/retrieval.go:278.26,280.33 2 1
github.com/keyoku-ai/keyoku-engine/engine/retrieval.go:280.33,281.28 1 1
github.com/keyoku-ai/keyoku-engine/engine/retrieval.go:281.28,283.11 2 1
github.com/keyoku-ai/keyoku-engine/engine/retrieval.go:286.4,286.14 1 1
github.com/keyoku-ai/keyoku-engine/engine/retrieval.go:286.14,287.13 1 1
github.com/keyoku-ai/keyoku-engine/engine/retrieval.go:289.9,289.74 1 1
github.com/keyoku-ai/keyoku-engine/engine/retrieval.go:289.74,290.12 1 0
github.com/keyoku-ai/keyoku-engine/engine/retrieval.go:294.3,294.64 1 1
github.com/keyoku-ai/keyoku-engine/engine/retrieval.go:294.64,295.12 1 1
github.com/keyoku-ai/keyoku-engine/engine/retrieval.go:297.3,297.63 1 1
github.com/keyoku-ai/keyoku-engine/engine/retrieval.go:297.63,298.12 1 0
github.com/keyoku-ai/keyoku-engine/engine/retrieval.go:302.3,302.24 1 1
github.com/keyoku-ai/keyoku-engine/engine/retrieval.go:302.24,304.36 2 0
github.com/keyoku-ai/keyoku-engine/engine/retrieval.go:304.36,305.42 1 0
github.com/keyoku-ai/keyoku-engine/engine/retrieval.go:305.42,306.26 1 0
github.com/keyoku-ai/keyoku-engine/engine/retrieval.go:306.26,308.12 2 0
github.com/keyoku-ai/keyoku-engine/engine/retrieval.go:311.5,311.15 1 0
github.com/keyoku-ai/keyoku-engine/engine/retrieval.go:311.15,312.11 1 0
github.com/keyoku-ai/keyoku-engine/engine/retrieval.go:315.4,315.15 1 0
github.com/keyoku-ai/keyoku-engine/engine/retrieval.go:315.15,316.13 1 0
github.com/keyoku-ai/keyoku-engine/engine/retrieval.go:320.3,320.33 1 1
github.com/keyoku-ai/keyoku-engine/engine/retrieval.go:323.2,323.17 1 1
github.com/keyoku-ai/keyoku-engine/engine/retrieval.go:326.71,330.29 3 1
github.com/keyoku-ai/keyoku-engine/engine/retrieval.go:330.29,334.37 3 1
github.com/keyoku-ai/keyoku-engine/engine/retrieval.go:334.37,336.27 2 1
github.com/keyoku-ai/keyoku-engine/engine/retrieval.go:336.27,338.5 1 1
github.com/keyoku-ai/keyoku-engine/engine/retrieval.go:339.9,341.27 2 0
github.com/keyoku-ai/keyoku-engine/engine/retrieval.go:341.27,343.5 1 0
github.com/keyoku-ai/keyoku-engine/engine/retrieval.go:345.3,355.20 4 1
github.com/keyoku-ai/keyoku-engine/engine/retrieval.go:355.20,357.4 1 1
github.com/keyoku-ai/keyoku-engine/engine/scorer.go:31.26,33.2 1 1
github.com/keyoku-ai/keyoku-engine/engine/scorer.go:35.49,36.14 1 1
github.com/keyoku-ai/keyoku-engine/engine/scorer.go:37.18,38.47 1 1
github.com/keyoku-ai/keyoku-engine/engine/scorer.go:39.21,40.47 1 1
github.com/keyoku-ai/keyoku-engine/engine/scorer.go:41.22,42.47 1 1
github.com/keyoku-ai/keyoku-engine/engine/scorer.go:43.25,44.47 1 1
github.com/keyoku-ai/keyoku-engine/engine/scorer.go:45.10,46.47 1 1
github.com/keyoku-ai/keyoku-engine/engine/scorer.go:69.58,90.2 7 1
github.com/keyoku-ai/keyoku-engine/engine/scorer.go:92.96,94.62 2 1
github.com/keyoku-ai/keyoku-engine/engine/scorer.go:94.62,96.3 1 1
github.com/keyoku-ai/keyoku-engine/engine/scorer.go:97.2,98.27 2 1
github.com/keyoku-ai/keyoku-engine/engine/scorer.go:98.27,100.3 1 0
github.com/keyoku-ai/keyoku-engine/engine/scorer.go:101.2,101.52 1 1
github.com/keyoku-ai/keyoku-engine/engine/scorer.go:104.68,106.31 2 1
github.com/keyoku-ai/keyoku-engine/engine/scorer.go:106.31,108.3 1 1
github.com/keyoku-ai/keyoku-engine/engine/scorer.go:109.2,109.16 1 1
github.com/keyoku-ai/keyoku-engine/engine/significance.go:18.53,23.2 1 1
github.com/keyoku-ai/keyoku-engine/engine/significance.go:38.75,39.33 1 1
github.com/keyoku-ai/keyoku-engine/engine/significance.go:39.33,41.3 1 1
github.com/keyoku-ai/keyoku-engine/engine/significance.go:42.2,42.44 1 1
github.com/keyoku-ai/keyoku-engine/engine/significance.go:83.71,84.23 1 1
github.com/keyoku-ai/keyoku-engine/engine/significance.go:84.23,86.3 1 1
github.com/keyoku-ai/keyoku-engine/engine/significance.go:88.2,92.23 3 1
github.com/keyoku-ai/keyoku-engine/engine/significance.go:92.23,94.3 1 1
github.com/keyoku-ai/keyoku-engine/engine/significance.go:97.2,97.27 1 1
github.com/keyoku-ai/keyoku-engine/engine/significance.go:97.27,99.3 1 1
github.com/keyoku-ai/keyoku-engine/engine/significance.go:102.2,102.73 1 1
github.com/keyoku-ai/keyoku-engine/engine/significance.go:102.73,104.3 1 1
github.com/keyoku-ai/keyoku-engine/engine/significance.go:107.2,107.85 1 1
github.com/keyoku-ai/keyoku-engine/engine/significance.go:107.85,109.3 1 1
github.com/keyoku-ai/keyoku-engine/engine/significance.go:112.2,115.46 2 1
github.com/keyoku-ai/keyoku-engine/engine/significance.go:115.46,116.39 1 1
github.com/keyoku-ai/keyoku-engine/engine/significance.go:116.39,118.9 2 1
github.com/keyoku-ai/keyoku-engine/engine/significance.go:123.2,123.28 1 1
github.com/keyoku-ai/keyoku-engine/engine/significance.go:123.28,125.3 1 1
github.com/keyoku-ai/keyoku-engine/engine/significance.go:128.2,128.24 1 1
github.com/keyoku-ai/keyoku-engine/engine/significance.go:128.24,130.3 1 1
github.com/keyoku-ai/keyoku-engine/engine/significance.go:133.2,133.47 1 1
github.com/keyoku-ai/keyoku-engine/engine/significance.go:133.47,134.41 1 1
github.com/keyoku-ai/keyoku-engine/engine/significance.go:134.41,136.9 2 1
github.com/keyoku-ai/keyoku-engine/engine/significance.go:141.2,142.21 2 1
github.com/keyoku-ai/keyoku-engine/engine/significance.go:142.21,144.3 1 1
github.com/keyoku-ai/keyoku-engine/engine/significance.go:145.2,145.21 1 1
github.com/keyoku-ai/keyoku-engine/engine/significance.go:145.21,147.3 1 1
github.com/keyoku-ai/keyoku-engine/engine/significance.go:150.2,150.17 1 1
github.com/keyoku-ai/keyoku-engine/engine/significance.go:150.17,152.3 1 1
github.com/keyoku-ai/keyoku-engine/engine/significance.go:154.2,156.10 3 1
github.com/keyoku-ai/keyoku-engine/engine/significance.go:156.10,158.3 1 1
github.com/keyoku-ai/keyoku-engine/engine/significance.go:160.2,160.69 1 1
github.com/keyoku-ai/keyoku-engine/engine/significance.go:164.62,166.2 1 1
github.com/keyoku-ai/keyoku-engine/engine/significance.go:168.38,170.29 2 1
github.com/keyoku-ai/keyoku-engine/engine/significance.go:170.29,171.13 1 1
github.com/keyoku-ai/keyoku-engine/engine/significance.go:171.13,172.12 1 1
github.com/keyoku-ai/keyoku-engine/engine/significance.go:174.3,174.54 1 1
github.com/keyoku-ai/keyoku-engine/engine/significance.go:174.54,176.4 1 1
github.com/keyoku-ai/keyoku-engine/engine/significance.go:178.2,178.14 1 1
github.com/keyoku-ai/keyoku-engine/engine/significance.go:181.34,182.25 1 1
github.com/keyoku-ai/keyoku-engine/engine/significance.go:182.25,183.27 1 1
github.com/keyoku-ai/keyoku-engine/engine/significance.go:183.27,185.4 1 1
github.com/keyoku-ai/keyoku-engine/engine/significance.go:187.2,187.14 1 1
github.com/keyoku-ai/keyoku-engine/engine/state.go:22.80,24.2 1 1
github.com/keyoku-ai/keyoku-engine/engine/state.go:27.58,27.82 1 1
github.com/keyoku-ai/keyoku-engine/engine/state.go:40.139,42.16 2 1
github.com/keyoku-ai/keyoku-engine/engine/state.go:42.16,44.3 1 1
github.com/keyoku-ai/keyoku-engine/engine/state.go:45.2,45.21 1 1
github.com/keyoku-ai/keyoku-engine/engine/state.go:45.21,47.3 1 1
github.com/keyoku-ai/keyoku-engine/engine/state.go:49.2,57.46 2 1
github.com/keyoku-ai/keyoku-engine/engine/state.go:61.154,63.16 2 1
github.com/keyoku-ai/keyoku-engine/engine/state.go:63.16,65.3 1 0
github.com/keyoku-ai/keyoku-engine/engine/state.go:66.2,66.23 1 1
github.com/keyoku-ai/keyoku-engine/engine/state.go:66.23,68.3 1 1
github.com/keyoku-ai/keyoku-engine/engine/state.go:70.2,79.16 2 1
github.com/keyoku-ai/keyoku-engine/engine/state.go:79.16,81.3 1 1
github.com/keyoku-ai/keyoku-engine/engine/state.go:83.2,93.32 2 1
github.com/keyoku-ai/keyoku-engine/engine/state.go:93.32,95.3 1 1
github.com/keyoku-ai/keyoku-engine/engine/state.go:98.2,98.34 1 1
github.com/keyoku-ai/keyoku-engine/engine/state.go:98.34,100.3 1 1
github.com/keyoku-ai/keyoku-engine/engine/state.go:103.2,114.91 2 1
github.com/keyoku-ai/keyoku-engine/engine/state.go:114.91,116.3 1 0
github.com/keyoku-ai/keyoku-engine/engine/state.go:119.2,119.23 1 1
github.com/keyoku-ai/keyoku-engine/engine/state.go:119.23,129.3 1 1
github.com/keyoku-ai/keyoku-engine/engine/state.go:131.2,131.20 1 1
github.com/keyoku-ai/keyoku-engine/engine/state.go:135.112,137.16 2 1
github.com/keyoku-ai/keyoku-engine/engine/state.go:137.16,139.3 1 0
github.com/keyoku-ai/keyoku-engine/engine/state.go:140.2,140.18 1 1
github.com/keyoku-ai/keyoku-engine/engine/state.go:140.18,142.3 1 1
github.com/keyoku-ai/keyoku-engine/engine/state.go:143.2,143.32 1 1
github.com/keyoku-ai/keyoku-engine/engine/state.go:147.141,149.16 2 1
github.com/keyoku-ai/keyoku-engine/engine/state.go:149.16,151.3 1 0
github.com/keyoku-ai/keyoku-engine/engine/state.go:152.2,152.18 1 1
github.com/keyoku-ai/keyoku-engine/engine/state.go:152.18,154.3 1 1
github.com/keyoku-ai/keyoku-engine/engine/state.go:155.2,155.60 1 1
github.com/keyoku-ai/keyoku-engine/engine/tiered_retriever.go:34.59,43.2 1 1
github.com/keyoku-ai/keyoku-engine/engine/tiered_retriever.go:58.114,59.30 1 1
github.com/keyoku-ai/keyoku-engine/engine/tiered_retriever.go:59.30,61.3 1 1
github.com/keyoku-ai/keyoku-engine/engine/tiered_retriever.go:62.2,62.35 1 1
github.com/keyoku-ai/keyoku-engine/engine/tiered_retriever.go:62.35,64.3 1 1
github.com/keyoku-ai/keyoku-engine/engine/tiered_retriever.go:65.2,65.32 1 1
github.com/keyoku-ai/keyoku-engine/engine/tiered_retriever.go:65.32,67.3 1 1
github.com/keyoku-ai/keyoku-engine/engine/tiered_retriever.go:68.2,68.38 1 1
github.com/keyoku-ai/keyoku-engine/engine/tiered_retriever.go:68.38,70.3 1 1
github.com/keyoku-ai/keyoku-engine/engine/tiered_retriever.go:71.2,71.19 1 1
github.com/keyoku-ai/keyoku-engine/engine/tiered_retriever.go:71.19,73.3 1 1
github.com/keyoku-ai/keyoku-engine/engine/tiered_retriever.go:75.2,86.3 2 1
github.com/keyoku-ai/keyoku-engine/engine/tiered_retriever.go:98.191,99.16 1 1
github.com/keyoku-ai/keyoku-engine/engine/tiered_retriever.go:99.16,101.3 1 1
github.com/keyoku-ai/keyoku-engine/engine/tiered_retriever.go:104.2,105.87 2 1
github.com/keyoku-ai/keyoku-engine/engine/tiered_retriever.go:105.87,108.35 2 1
github.com/keyoku-ai/keyoku-engine/engine/tiered_retriever.go:108.35,113.4 1 1
github.com/keyoku-ai/keyoku-engine/engine/tiered_retriever.go:114.3,118.22 2 1
github.com/keyoku-ai/keyoku-engine/engine/tiered_retriever.go:122.2,125.53 3 1
github.com/keyoku-ai/keyoku-engine/engine/tiered_retriever.go:125.53,127.3 1 1
github.com/keyoku-ai/keyoku-engine/engine/tiered_retriever.go:127.8,129.3 1 1
github.com/keyoku-ai/keyoku-engine/engine/tiered_retriever.go:130.2,130.16 1 1
github.com/keyoku-ai/keyoku-engine/engine/tiered_retriever.go:130.16,132.3 1 0
github.com/keyoku-ai/keyoku-engine/engine/tiered_retriever.go:135.2,135.32 1 1
github.com/keyoku-ai/keyoku-engine/engine/tiered_retriever.go:135.32,136.51 1 1
github.com/keyoku-ai/keyoku-engine/engine/tiered_retriever.go:136.51,137.12 1 1
github.com/keyoku-ai/keyoku-engine/engine/tiered_retriever.go:139.3,140.19 2 1
github.com/keyoku-ai/keyoku-engine/engine/tiered_retriever.go:140.19,142.4 1 1
github.com/keyoku-ai/keyoku-engine/engine/tiered_retriever.go:146.2,147.26 2 1
github.com/keyoku-ai/keyoku-engine/engine/tiered_retriever.go:147.26,149.3 1 1
github.com/keyoku-ai/keyoku-engine/engine/tiered_retriever.go:151.2,151.52 1 1
github.com/keyoku-ai/keyoku-engine/engine/tiered_retriever.go:151.52,157.3 2 1
github.com/keyoku-ai/keyoku-engine/engine/tiered_retriever.go:165.2,170.25 2 1
github.com/keyoku-ai/keyoku-engine/engine/tiered_retriever.go:175.224,178.16 2 1
github.com/keyoku-ai/keyoku-engine/engine/tiered_retriever.go:178.16,180.3 1 0
github.com/keyoku-ai/keyoku-engine/engine/tiered_retriever.go:183.2,184.22 2 1
github.com/keyoku-ai/keyoku-engine/engine/tiered_retriever.go:184.22,186.3 1 1
github.com/keyoku-ai/keyoku-engine/engine/tiered_retriever.go:188.2,188.67 1 1
github.com/keyoku-ai/keyoku-engine/engine/tiered_retriever.go:188.67,190.3 1 1
github.com/keyoku-ai/keyoku-engine/engine/tiered_retriever.go:193.2,194.16 2 1
github.com/keyoku-ai/keyoku-engine/engine/tiered_retriever.go:194.16,197.3 2 0
github.com/keyoku-ai/keyoku-engine/engine/tiered_retriever.go:199.2,199.27 1 1
github.com/keyoku-ai/keyoku-engine/engine/tiered_retriever.go:199.27,201.3 1 1
github.com/keyoku-ai/keyoku-engine/engine/tiered_retriever.go:204.2,205.34 2 0
github.com/keyoku-ai/keyoku-engine/engine/tiered_retriever.go:205.34,208.41 3 0
github.com/keyoku-ai/keyoku-engine/engine/tiered_retriever.go:208.41,210.4 1 0
github.com/keyoku-ai/keyoku-engine/engine/tiered_retriever.go:210.9,213.4 1 0
github.com/keyoku-ai/keyoku-engine/engine/tiered_retriever.go:214.3,214.22 1 0
github.com/keyoku-ai/keyoku-engine/engine/tiered_retriever.go:214.22,220.20 2 0
github.com/keyoku-ai/keyoku-engine/engine/tiered_retriever.go:220.20,222.5 1 0
github.com/keyoku-ai/keyoku-engine/engine/tiered_retriever.go:227.2,235.20 3 0
github.com/keyoku-ai/keyoku-engine/engine/tiered_retriever.go:239.85,240.24 1 1
github.com/keyoku-ai/keyoku-engine/engine/tiered_retriever.go:240.24,242.3 1 1
github.com/keyoku-ai/keyoku-engine/engine/tiered_retriever.go:246.54,248.2 1 1
github.com/keyoku-ai/keyoku-engine/engine/tiered_retriever.go:251.72,252.31 1 1
github.com/keyoku-ai/keyoku-engine/engine/tiered_retriever.go:252.31,254.19 2 1
github.com/keyoku-ai/keyoku-engine/engine/tiered_retriever.go:254.19,256.4 1 1
github.com/keyoku-ai/keyoku-engine/engine/tiered_retriever.go:262.79,264.44 2 1
github.com/keyoku-ai/keyoku-engine/engine/tiered_retriever.go:264.44,266.3 1 1
github.com/keyoku-ai/keyoku-engine/engine/tiered_retriever.go:268.2,269.41 2 1
github.com/keyoku-ai/keyoku-engine/engine/tiered_retriever.go:269.41,271.3 1 1
github.com/keyoku-ai/keyoku-engine/engine/tiered_retriever.go:274.2,275.16 2 1
github.com/keyoku-ai/keyoku-engine/engine/tiered_retriever.go:275.16,277.3 1 0
github.com/keyoku-ai/keyoku-engine/engine/tiered_retriever.go:279.2,279.24 1 1
github.com/keyoku-ai/keyoku-engine/engine/tiered_retriever.go:279.24,281.3 1 0
github.com/keyoku-ai/keyoku-engine/engine/tiered_retriever.go:284.2,288.60 3 1
github.com/keyoku-ai/keyoku-engine/engine/tiered_retriever.go:288.60,290.56 2 1
github.com/keyoku-ai/keyoku-engine/engine/tiered_retriever.go:290.56,292.12 2 0
github.com/keyoku-ai/keyoku-engine/engine/tiered_retriever.go:294.3,295.12 2 1
github.com/keyoku-ai/keyoku-engine/engine/tiered_retriever.go:298.2,303.21 2 1
github.com/keyoku-ai/keyoku-engine/engine/tiered_retriever.go:307.42,309.2 1 1
github.com/keyoku-ai/keyoku-engine/engine/tiered_retriever.go:314.63,315.29 1 1
github.com/keyoku-ai/keyoku-engine/engine/tiered_retriever.go:315.29,317.3 1 1
github.com/keyoku-ai/keyoku-engine/engine/tiered_retriever.go:319.2,319.31 1 1
github.com/keyoku-ai/keyoku-engine/engine/tiered_retriever.go:319.31,321.3 1 1
github.com/keyoku-ai/keyoku-engine/engine/tiered_retriever.go:322.2,323.24 2 1
github.com/keyoku-ai/keyoku-engine/engine/tiered_retriever.go:323.24,329.3 2 1
github.com/keyoku-ai/keyoku-engine/engine/tiered_retriever.go:330.2,330.15 1 1
github.com/keyoku-ai/keyoku-engine/engine/tiered_retriever.go:334.92,338.22 3 1
github.com/keyoku-ai/keyoku-engine/engine/tiered_retriever.go:338.22,341.3 2 1
github.com/keyoku-ai/keyoku-engine/engine/tiered_retriever.go:343.2,343.22 1 1
github.com/keyoku-ai/keyoku-engine/engine/tiered_retriever.go:343.22,344.47 1 1
github.com/keyoku-ai/keyoku-engine/engine/tiered_retriever.go:344.47,346.45 1 1
github.com/keyoku-ai/keyoku-engine/engine/tiered_retriever.go:346.45,348.5 1 1
github.com/keyoku-ai/keyoku-engine/engine/tiered_retriever.go:349.9,352.4 2 1
github.com/keyoku-ai/keyoku-engine/engine/tiered_retriever.go:356.2,356.41 1 1
github.com/keyoku-ai/keyoku-engine/engine/tiered_retriever.go:356.41,358.3 1 1
github.com/keyoku-ai/keyoku-engine/engine/tiered_retriever.go:360.2,360.25 1 1
github.com/keyoku-ai/keyoku-engine/engine/tiered_retriever.go:360.25,362.3 1 1
github.com/keyoku-ai/keyoku-engine/engine/tiered_retriever.go:363.2,363.15 1 1
